<?xml version="1.0" encoding="UTF-8"?>
<!-- Generated by org.testng.reporters.JUnitReportReporter -->
<testsuite hostname="LAPTOP-LPL8EGCE" failures="0" tests="4" name="Task1.Valid_Invalid_credientials" time="16.568" errors="0" timestamp="2024-09-03T11:11:06 IST" skipped="0">
  <testcase classname="Task1.Valid_Invalid_credientials" name="login" time="3.843"/>
  <testcase classname="Task1.Valid_Invalid_credientials" name="login" time="4.229"/>
  <testcase classname="Task1.Valid_Invalid_credientials" name="login" time="3.848"/>
  <testcase classname="Task1.Valid_Invalid_credientials" name="login" time="4.648"/>
</testsuite> <!-- Task1.Valid_Invalid_credientials -->
