<?xml version="1.0" encoding="UTF-8"?>
<!-- Generated by org.testng.reporters.JUnitReportReporter -->
<testsuite hostname="LAPTOP-LPL8EGCE" failures="0" tests="1" name="Task4.Add_To_Cart" time="8.269" errors="0" timestamp="2024-09-02T14:59:21 IST" skipped="0">
  <testcase classname="Task4.Add_To_Cart" name="testlogin" time="8.269"/>
</testsuite> <!-- Task4.Add_To_Cart -->
