<?xml version="1.0" encoding="UTF-8"?>
<!-- Generated by org.testng.reporters.JUnitReportReporter -->
<testsuite hostname="LAPTOP-LPL8EGCE" failures="0" tests="4" name="task2.TestOpenCart" time="21.980" errors="0" timestamp="2024-08-29T12:09:14 IST" skipped="0">
  <testcase classname="task2.TestOpenCart" name="testsearch" time="5.772"/>
  <testcase classname="task2.TestOpenCart" name="testsearch" time="5.439"/>
  <testcase classname="task2.TestOpenCart" name="testsearch" time="6.096"/>
  <testcase classname="task2.TestOpenCart" name="testsearch" time="4.673"/>
</testsuite> <!-- task2.TestOpenCart -->
