<?xml version="1.0" encoding="UTF-8"?>
<!-- Generated by org.testng.reporters.JUnitReportReporter -->
<testsuite hostname="LAPTOP-LPL8EGCE" failures="0" tests="1" name="task3.Demoqa_Task" time="32.506" errors="0" timestamp="2024-09-05T12:50:32 IST" skipped="0">
  <testcase classname="task3.Demoqa_Task" name="test" time="32.506"/>
</testsuite> <!-- task3.Demoqa_Task -->
